<?xml version="1.0" encoding="UTF-8"?>
<coverage generated="1691742380476" clover="3.2.0">
  <project timestamp="1691742380476" name="All files">
    <metrics statements="101" coveredstatements="95" conditionals="42" coveredconditionals="30" methods="14" coveredmethods="13" elements="157" coveredelements="138" complexity="0" loc="101" ncloc="101" packages="5" files="7" classes="7"/>
    <package name="src">
      <metrics statements="17" coveredstatements="15" conditionals="1" coveredconditionals="0" methods="1" coveredmethods="0"/>
      <file name="app.ts" path="/home/shahab/Programming/Web/shirinBlog/shirinblog_recipe/src/app.ts">
        <metrics statements="17" coveredstatements="15" conditionals="1" coveredconditionals="0" methods="1" coveredmethods="0"/>
        <line num="1" count="1" type="stmt"/>
        <line num="2" count="1" type="stmt"/>
        <line num="3" count="1" type="stmt"/>
        <line num="4" count="1" type="stmt"/>
        <line num="5" count="1" type="stmt"/>
        <line num="7" count="1" type="stmt"/>
        <line num="9" count="1" type="stmt"/>
        <line num="10" count="1" type="cond" truecount="0" falsecount="1"/>
        <line num="11" count="0" type="stmt"/>
        <line num="14" count="1" type="stmt"/>
        <line num="15" count="1" type="stmt"/>
        <line num="16" count="1" type="stmt"/>
        <line num="19" count="1" type="stmt"/>
        <line num="21" count="1" type="stmt"/>
        <line num="22" count="0" type="stmt"/>
        <line num="25" count="1" type="stmt"/>
        <line num="26" count="1" type="stmt"/>
      </file>
    </package>
    <package name="src.routes">
      <metrics statements="13" coveredstatements="13" conditionals="1" coveredconditionals="1" methods="2" coveredmethods="2"/>
      <file name="create.ts" path="/home/shahab/Programming/Web/shirinBlog/shirinblog_recipe/src/routes/create.ts">
        <metrics statements="13" coveredstatements="13" conditionals="1" coveredconditionals="1" methods="2" coveredmethods="2"/>
        <line num="1" count="1" type="stmt"/>
        <line num="2" count="1" type="stmt"/>
        <line num="7" count="1" type="stmt"/>
        <line num="8" count="1" type="stmt"/>
        <line num="10" count="1" type="stmt"/>
        <line num="11" count="1" type="stmt"/>
        <line num="14" count="20" type="stmt"/>
        <line num="15" count="20" type="stmt"/>
        <line num="16" count="20" type="cond" truecount="1" falsecount="0"/>
        <line num="17" count="14" type="stmt"/>
        <line num="18" count="14" type="stmt"/>
        <line num="20" count="6" type="stmt"/>
        <line num="24" count="1" type="stmt"/>
      </file>
    </package>
    <package name="src.tests.factories">
      <metrics statements="36" coveredstatements="36" conditionals="29" coveredconditionals="22" methods="3" coveredmethods="3"/>
      <file name="createInput.ts" path="/home/shahab/Programming/Web/shirinBlog/shirinblog_recipe/src/tests/factories/createInput.ts">
        <metrics statements="14" coveredstatements="14" conditionals="22" coveredconditionals="15" methods="1" coveredmethods="1"/>
        <line num="1" count="1" type="stmt"/>
        <line num="17" count="1" type="stmt"/>
        <line num="18" count="17" type="cond" truecount="2" falsecount="0"/>
        <line num="19" count="17" type="cond" truecount="2" falsecount="0"/>
        <line num="20" count="17" type="cond" truecount="2" falsecount="0"/>
        <line num="21" count="17" type="cond" truecount="2" falsecount="0"/>
        <line num="22" count="17" type="cond" truecount="1" falsecount="1"/>
        <line num="27" count="17" type="cond" truecount="1" falsecount="1"/>
        <line num="32" count="17" type="cond" truecount="1" falsecount="1"/>
        <line num="37" count="17" type="cond" truecount="1" falsecount="1"/>
        <line num="38" count="17" type="cond" truecount="1" falsecount="1"/>
        <line num="43" count="17" type="cond" truecount="1" falsecount="1"/>
        <line num="44" count="17" type="cond" truecount="1" falsecount="1"/>
        <line num="46" count="17" type="stmt"/>
      </file>
      <file name="random-gen.ts" path="/home/shahab/Programming/Web/shirinBlog/shirinblog_recipe/src/tests/factories/random-gen.ts">
        <metrics statements="22" coveredstatements="22" conditionals="7" coveredconditionals="7" methods="2" coveredmethods="2"/>
        <line num="1" count="1" type="cond" truecount="3" falsecount="0"/>
        <line num="2" count="198" type="stmt"/>
        <line num="3" count="198" type="cond" truecount="1" falsecount="0"/>
        <line num="4" count="198" type="stmt"/>
        <line num="5" count="1168" type="stmt"/>
        <line num="6" count="1168" type="stmt"/>
        <line num="9" count="198" type="stmt"/>
        <line num="10" count="198" type="cond" truecount="1" falsecount="0"/>
        <line num="11" count="198" type="stmt"/>
        <line num="12" count="1024" type="stmt"/>
        <line num="13" count="1024" type="stmt"/>
        <line num="16" count="198" type="cond" truecount="1" falsecount="0"/>
        <line num="17" count="195" type="stmt"/>
        <line num="18" count="1021" type="stmt"/>
        <line num="19" count="1021" type="stmt"/>
        <line num="22" count="198" type="stmt"/>
        <line num="25" count="1" type="cond" truecount="1" falsecount="0"/>
        <line num="26" count="17" type="stmt"/>
        <line num="27" count="17" type="stmt"/>
        <line num="28" count="255" type="stmt"/>
        <line num="29" count="255" type="stmt"/>
        <line num="31" count="17" type="stmt"/>
      </file>
    </package>
    <package name="src.validators">
      <metrics statements="32" coveredstatements="28" conditionals="11" coveredconditionals="7" methods="7" coveredmethods="7"/>
      <file name="create.ts" path="/home/shahab/Programming/Web/shirinBlog/shirinblog_recipe/src/validators/create.ts">
        <metrics statements="6" coveredstatements="6" conditionals="0" coveredconditionals="0" methods="3" coveredmethods="3"/>
        <line num="1" count="1" type="stmt"/>
        <line num="2" count="1" type="stmt"/>
        <line num="9" count="1" type="stmt"/>
        <line num="16" count="20" type="stmt"/>
        <line num="24" count="20" type="stmt"/>
        <line num="32" count="20" type="stmt"/>
      </file>
      <file name="custom-validators.ts" path="/home/shahab/Programming/Web/shirinBlog/shirinblog_recipe/src/validators/custom-validators.ts">
        <metrics statements="26" coveredstatements="22" conditionals="11" coveredconditionals="7" methods="4" coveredmethods="4"/>
        <line num="1" count="1" type="stmt"/>
        <line num="3" count="1" type="stmt"/>
        <line num="4" count="20" type="stmt"/>
        <line num="5" count="19" type="cond" truecount="4" falsecount="0"/>
        <line num="6" count="17" type="stmt"/>
        <line num="8" count="2" type="stmt"/>
        <line num="11" count="1" type="stmt"/>
        <line num="12" count="40" type="cond" truecount="0" falsecount="1"/>
        <line num="13" count="0" type="stmt"/>
        <line num="15" count="38" type="stmt"/>
        <line num="16" count="114" type="cond" truecount="0" falsecount="1"/>
        <line num="17" count="0" type="stmt"/>
        <line num="20" count="38" type="stmt"/>
        <line num="23" count="1" type="stmt"/>
        <line num="24" count="40" type="cond" truecount="1" falsecount="0"/>
        <line num="25" count="4" type="stmt"/>
        <line num="27" count="36" type="stmt"/>
        <line num="30" count="1" type="stmt"/>
        <line num="31" count="60" type="stmt"/>
        <line num="32" count="60" type="cond" truecount="1" falsecount="0"/>
        <line num="33" count="60" type="cond" truecount="1" falsecount="0"/>
        <line num="34" count="12" type="stmt"/>
        <line num="37" count="48" type="cond" truecount="0" falsecount="1"/>
        <line num="38" count="0" type="cond" truecount="0" falsecount="1"/>
        <line num="39" count="0" type="stmt"/>
        <line num="42" count="48" type="stmt"/>
      </file>
    </package>
    <package name="src.validators.utils">
      <metrics statements="3" coveredstatements="3" conditionals="0" coveredconditionals="0" methods="1" coveredmethods="1"/>
      <file name="utils.ts" path="/home/shahab/Programming/Web/shirinBlog/shirinblog_recipe/src/validators/utils/utils.ts">
        <metrics statements="3" coveredstatements="3" conditionals="0" coveredconditionals="0" methods="1" coveredmethods="1"/>
        <line num="1" count="1" type="stmt"/>
        <line num="2" count="60" type="stmt"/>
        <line num="3" count="60" type="stmt"/>
      </file>
    </package>
  </project>
</coverage>
