<?xml version="1.0" encoding="UTF-8"?>
<coverage generated="1691686048160" clover="3.2.0">
  <project timestamp="1691686048160" name="All files">
    <metrics statements="101" coveredstatements="94" conditionals="42" coveredconditionals="27" methods="14" coveredmethods="13" elements="157" coveredelements="134" complexity="0" loc="101" ncloc="101" packages="5" files="7" classes="7"/>
    <package name="src">
      <metrics statements="17" coveredstatements="15" conditionals="1" coveredconditionals="0" methods="1" coveredmethods="0"/>
      <file name="app.ts" path="/home/shahab/Programming/Web/shirinBlog/shirinblog_recipe/src/app.ts">
        <metrics statements="17" coveredstatements="15" conditionals="1" coveredconditionals="0" methods="1" coveredmethods="0"/>
        <line num="1" count="1" type="stmt"/>
        <line num="2" count="1" type="stmt"/>
        <line num="3" count="1" type="stmt"/>
        <line num="4" count="1" type="stmt"/>
        <line num="5" count="1" type="stmt"/>
        <line num="7" count="1" type="stmt"/>
        <line num="9" count="1" type="stmt"/>
        <line num="10" count="1" type="cond" truecount="0" falsecount="1"/>
        <line num="11" count="0" type="stmt"/>
        <line num="14" count="1" type="stmt"/>
        <line num="15" count="1" type="stmt"/>
        <line num="16" count="1" type="stmt"/>
        <line num="19" count="1" type="stmt"/>
        <line num="21" count="1" type="stmt"/>
        <line num="22" count="0" type="stmt"/>
        <line num="25" count="1" type="stmt"/>
        <line num="26" count="1" type="stmt"/>
      </file>
    </package>
    <package name="src.routes">
      <metrics statements="13" coveredstatements="13" conditionals="1" coveredconditionals="1" methods="2" coveredmethods="2"/>
      <file name="create.ts" path="/home/shahab/Programming/Web/shirinBlog/shirinblog_recipe/src/routes/create.ts">
        <metrics statements="13" coveredstatements="13" conditionals="1" coveredconditionals="1" methods="2" coveredmethods="2"/>
        <line num="1" count="1" type="stmt"/>
        <line num="2" count="1" type="stmt"/>
        <line num="7" count="1" type="stmt"/>
        <line num="8" count="1" type="stmt"/>
        <line num="10" count="1" type="stmt"/>
        <line num="11" count="1" type="stmt"/>
        <line num="14" count="15" type="stmt"/>
        <line num="15" count="15" type="stmt"/>
        <line num="16" count="15" type="cond" truecount="1" falsecount="0"/>
        <line num="17" count="12" type="stmt"/>
        <line num="18" count="12" type="stmt"/>
        <line num="20" count="3" type="stmt"/>
        <line num="24" count="1" type="stmt"/>
      </file>
    </package>
    <package name="src.tests.factories">
      <metrics statements="36" coveredstatements="36" conditionals="29" coveredconditionals="21" methods="3" coveredmethods="3"/>
      <file name="createInput.ts" path="/home/shahab/Programming/Web/shirinBlog/shirinblog_recipe/src/tests/factories/createInput.ts">
        <metrics statements="14" coveredstatements="14" conditionals="22" coveredconditionals="14" methods="1" coveredmethods="1"/>
        <line num="1" count="1" type="stmt"/>
        <line num="17" count="1" type="stmt"/>
        <line num="18" count="14" type="cond" truecount="2" falsecount="0"/>
        <line num="19" count="14" type="cond" truecount="2" falsecount="0"/>
        <line num="20" count="14" type="cond" truecount="2" falsecount="0"/>
        <line num="21" count="14" type="cond" truecount="1" falsecount="1"/>
        <line num="22" count="14" type="cond" truecount="1" falsecount="1"/>
        <line num="27" count="14" type="cond" truecount="1" falsecount="1"/>
        <line num="32" count="14" type="cond" truecount="1" falsecount="1"/>
        <line num="37" count="14" type="cond" truecount="1" falsecount="1"/>
        <line num="38" count="14" type="cond" truecount="1" falsecount="1"/>
        <line num="43" count="14" type="cond" truecount="1" falsecount="1"/>
        <line num="44" count="14" type="cond" truecount="1" falsecount="1"/>
        <line num="46" count="14" type="stmt"/>
      </file>
      <file name="random-gen.ts" path="/home/shahab/Programming/Web/shirinBlog/shirinblog_recipe/src/tests/factories/random-gen.ts">
        <metrics statements="22" coveredstatements="22" conditionals="7" coveredconditionals="7" methods="2" coveredmethods="2"/>
        <line num="1" count="1" type="cond" truecount="3" falsecount="0"/>
        <line num="2" count="162" type="stmt"/>
        <line num="3" count="162" type="cond" truecount="1" falsecount="0"/>
        <line num="4" count="162" type="stmt"/>
        <line num="5" count="988" type="stmt"/>
        <line num="6" count="988" type="stmt"/>
        <line num="9" count="162" type="stmt"/>
        <line num="10" count="162" type="cond" truecount="1" falsecount="0"/>
        <line num="11" count="162" type="stmt"/>
        <line num="12" count="844" type="stmt"/>
        <line num="13" count="844" type="stmt"/>
        <line num="16" count="162" type="cond" truecount="1" falsecount="0"/>
        <line num="17" count="159" type="stmt"/>
        <line num="18" count="841" type="stmt"/>
        <line num="19" count="841" type="stmt"/>
        <line num="22" count="162" type="stmt"/>
        <line num="25" count="1" type="cond" truecount="1" falsecount="0"/>
        <line num="26" count="14" type="stmt"/>
        <line num="27" count="14" type="stmt"/>
        <line num="28" count="210" type="stmt"/>
        <line num="29" count="210" type="stmt"/>
        <line num="31" count="14" type="stmt"/>
      </file>
    </package>
    <package name="src.validators">
      <metrics statements="32" coveredstatements="27" conditionals="11" coveredconditionals="5" methods="7" coveredmethods="7"/>
      <file name="create.ts" path="/home/shahab/Programming/Web/shirinBlog/shirinblog_recipe/src/validators/create.ts">
        <metrics statements="6" coveredstatements="6" conditionals="0" coveredconditionals="0" methods="3" coveredmethods="3"/>
        <line num="1" count="1" type="stmt"/>
        <line num="2" count="1" type="stmt"/>
        <line num="9" count="1" type="stmt"/>
        <line num="15" count="15" type="stmt"/>
        <line num="22" count="15" type="stmt"/>
        <line num="30" count="15" type="stmt"/>
      </file>
      <file name="custom-validators.ts" path="/home/shahab/Programming/Web/shirinBlog/shirinblog_recipe/src/validators/custom-validators.ts">
        <metrics statements="26" coveredstatements="21" conditionals="11" coveredconditionals="5" methods="4" coveredmethods="4"/>
        <line num="1" count="1" type="stmt"/>
        <line num="3" count="1" type="stmt"/>
        <line num="4" count="15" type="stmt"/>
        <line num="5" count="14" type="cond" truecount="2" falsecount="2"/>
        <line num="6" count="14" type="stmt"/>
        <line num="8" count="0" type="stmt"/>
        <line num="11" count="1" type="stmt"/>
        <line num="12" count="30" type="cond" truecount="0" falsecount="1"/>
        <line num="13" count="0" type="stmt"/>
        <line num="15" count="28" type="stmt"/>
        <line num="16" count="84" type="cond" truecount="0" falsecount="1"/>
        <line num="17" count="0" type="stmt"/>
        <line num="20" count="28" type="stmt"/>
        <line num="23" count="1" type="stmt"/>
        <line num="24" count="30" type="cond" truecount="1" falsecount="0"/>
        <line num="25" count="2" type="stmt"/>
        <line num="27" count="28" type="stmt"/>
        <line num="30" count="1" type="stmt"/>
        <line num="31" count="45" type="stmt"/>
        <line num="32" count="43" type="cond" truecount="1" falsecount="0"/>
        <line num="33" count="43" type="cond" truecount="1" falsecount="0"/>
        <line num="34" count="10" type="stmt"/>
        <line num="37" count="33" type="cond" truecount="0" falsecount="1"/>
        <line num="38" count="0" type="cond" truecount="0" falsecount="1"/>
        <line num="39" count="0" type="stmt"/>
        <line num="42" count="33" type="stmt"/>
      </file>
    </package>
    <package name="src.validators.utils">
      <metrics statements="3" coveredstatements="3" conditionals="0" coveredconditionals="0" methods="1" coveredmethods="1"/>
      <file name="utils.ts" path="/home/shahab/Programming/Web/shirinBlog/shirinblog_recipe/src/validators/utils/utils.ts">
        <metrics statements="3" coveredstatements="3" conditionals="0" coveredconditionals="0" methods="1" coveredmethods="1"/>
        <line num="1" count="1" type="stmt"/>
        <line num="2" count="45" type="stmt"/>
        <line num="3" count="43" type="stmt"/>
      </file>
    </package>
  </project>
</coverage>
