{"/home/shahab/Programming/Web/shirinBlog/shirinblog_recipe/src/app.ts": {"path":"/home/shahab/Programming/Web/shirinBlog/shirinblog_recipe/src/app.ts","statementMap":{"0":{"start":{"line":1,"column":0},"end":{"line":1,"column":51}},"1":{"start":{"line":2,"column":0},"end":{"line":2,"column":27}},"2":{"start":{"line":3,"column":0},"end":{"line":3,"column":27}},"3":{"start":{"line":4,"column":0},"end":{"line":4,"column":104}},"4":{"start":{"line":5,"column":0},"end":{"line":5,"column":46}},"5":{"start":{"line":7,"column":0},"end":{"line":7,"column":null}},"6":{"start":{"line":9,"column":25},"end":{"line":9,"column":34}},"7":{"start":{"line":10,"column":0},"end":{"line":12,"column":null}},"8":{"start":{"line":11,"column":2},"end":{"line":11,"column":null}},"9":{"start":{"line":14,"column":0},"end":{"line":14,"column":null}},"10":{"start":{"line":15,"column":0},"end":{"line":15,"column":null}},"11":{"start":{"line":16,"column":0},"end":{"line":16,"column":null}},"12":{"start":{"line":19,"column":0},"end":{"line":19,"column":null}},"13":{"start":{"line":21,"column":0},"end":{"line":23,"column":null}},"14":{"start":{"line":22,"column":2},"end":{"line":22,"column":null}},"15":{"start":{"line":25,"column":0},"end":{"line":25,"column":null}},"16":{"start":{"line":26,"column":0},"end":{"line":26,"column":null}}},"fnMap":{"0":{"name":"(anonymous_1)","decl":{"start":{"line":21,"column":13},"end":{"line":21,"column":16}},"loc":{"start":{"line":21,"column":18},"end":{"line":23,"column":1}}}},"branchMap":{"0":{"loc":{"start":{"line":10,"column":0},"end":{"line":12,"column":null}},"type":"if","locations":[{"start":{"line":10,"column":0},"end":{"line":12,"column":null}}]}},"s":{"0":1,"1":1,"2":1,"3":1,"4":1,"5":1,"6":1,"7":1,"8":0,"9":1,"10":1,"11":1,"12":1,"13":1,"14":0,"15":1,"16":1},"f":{"0":0},"b":{"0":[0]}}
,"/home/shahab/Programming/Web/shirinBlog/shirinblog_recipe/src/routes/create.ts": {"path":"/home/shahab/Programming/Web/shirinBlog/shirinblog_recipe/src/routes/create.ts","statementMap":{"0":{"start":{"line":1,"column":0},"end":{"line":1,"column":61}},"1":{"start":{"line":2,"column":0},"end":{"line":2,"column":null}},"2":{"start":{"line":7,"column":0},"end":{"line":7,"column":53}},"3":{"start":{"line":8,"column":0},"end":{"line":8,"column":55}},"4":{"start":{"line":10,"column":15},"end":{"line":10,"column":31}},"5":{"start":{"line":24,"column":19},"end":{"line":24,"column":31}},"6":{"start":{"line":11,"column":0},"end":{"line":22,"column":2}},"7":{"start":{"line":14,"column":60},"end":{"line":21,"column":null}},"8":{"start":{"line":15,"column":19},"end":{"line":15,"column":40}},"9":{"start":{"line":16,"column":4},"end":{"line":19,"column":null}},"10":{"start":{"line":17,"column":6},"end":{"line":17,"column":56}},"11":{"start":{"line":18,"column":6},"end":{"line":18,"column":13}},"12":{"start":{"line":20,"column":4},"end":{"line":20,"column":51}}},"fnMap":{"0":{"name":"(anonymous_8)","decl":{"start":{"line":14,"column":2},"end":{"line":14,"column":9}},"loc":{"start":{"line":14,"column":60},"end":{"line":21,"column":null}}},"1":{"name":"(anonymous_9)","decl":{"start":{"line":14,"column":60},"end":{"line":14,"column":null}},"loc":{"start":{"line":14,"column":60},"end":{"line":21,"column":3}}}},"branchMap":{"0":{"loc":{"start":{"line":16,"column":4},"end":{"line":19,"column":null}},"type":"if","locations":[{"start":{"line":16,"column":4},"end":{"line":19,"column":null}}]}},"s":{"0":1,"1":1,"2":1,"3":1,"4":1,"5":1,"6":1,"7":15,"8":15,"9":15,"10":12,"11":12,"12":3},"f":{"0":15,"1":15},"b":{"0":[12]}}
,"/home/shahab/Programming/Web/shirinBlog/shirinblog_recipe/src/tests/factories/createInput.ts": {"path":"/home/shahab/Programming/Web/shirinBlog/shirinblog_recipe/src/tests/factories/createInput.ts","statementMap":{"0":{"start":{"line":1,"column":0},"end":{"line":1,"column":69}},"1":{"start":{"line":17,"column":27},"end":{"line":59,"column":1}},"2":{"start":{"line":18,"column":13},"end":{"line":18,"column":74}},"3":{"start":{"line":19,"column":14},"end":{"line":19,"column":77}},"4":{"start":{"line":20,"column":20},"end":{"line":20,"column":95}},"5":{"start":{"line":21,"column":19},"end":{"line":21,"column":78}},"6":{"start":{"line":22,"column":20},"end":{"line":26,"column":null}},"7":{"start":{"line":27,"column":19},"end":{"line":31,"column":null}},"8":{"start":{"line":32,"column":14},"end":{"line":36,"column":null}},"9":{"start":{"line":37,"column":15},"end":{"line":37,"column":69}},"10":{"start":{"line":38,"column":15},"end":{"line":42,"column":null}},"11":{"start":{"line":43,"column":17},"end":{"line":43,"column":98}},"12":{"start":{"line":44,"column":16},"end":{"line":44,"column":82}},"13":{"start":{"line":46,"column":2},"end":{"line":58,"column":null}},"14":{"start":{"line":17,"column":13},"end":{"line":17,"column":27}}},"fnMap":{"0":{"name":"(anonymous_0)","decl":{"start":{"line":17,"column":27},"end":{"line":17,"column":28}},"loc":{"start":{"line":17,"column":58},"end":{"line":59,"column":1}}}},"branchMap":{"0":{"loc":{"start":{"line":18,"column":13},"end":{"line":18,"column":74}},"type":"cond-expr","locations":[{"start":{"line":18,"column":40},"end":{"line":18,"column":51}},{"start":{"line":18,"column":54},"end":{"line":18,"column":74}}]},"1":{"loc":{"start":{"line":19,"column":14},"end":{"line":19,"column":77}},"type":"cond-expr","locations":[{"start":{"line":19,"column":42},"end":{"line":19,"column":54}},{"start":{"line":19,"column":57},"end":{"line":19,"column":77}}]},"2":{"loc":{"start":{"line":20,"column":20},"end":{"line":20,"column":95}},"type":"cond-expr","locations":[{"start":{"line":20,"column":54},"end":{"line":20,"column":72}},{"start":{"line":20,"column":75},"end":{"line":20,"column":95}}]},"3":{"loc":{"start":{"line":21,"column":19},"end":{"line":21,"column":78}},"type":"cond-expr","locations":[{"start":{"line":21,"column":52},"end":{"line":21,"column":69}},{"start":{"line":21,"column":72},"end":{"line":21,"column":78}}]},"4":{"loc":{"start":{"line":22,"column":20},"end":{"line":26,"column":null}},"type":"cond-expr","locations":[{"start":{"line":22,"column":53},"end":{"line":22,"column":70}},{"start":{"line":22,"column":73},"end":{"line":26,"column":null}}]},"5":{"loc":{"start":{"line":27,"column":19},"end":{"line":31,"column":null}},"type":"cond-expr","locations":[{"start":{"line":27,"column":52},"end":{"line":27,"column":69}},{"start":{"line":27,"column":72},"end":{"line":31,"column":null}}]},"6":{"loc":{"start":{"line":32,"column":14},"end":{"line":36,"column":null}},"type":"cond-expr","locations":[{"start":{"line":32,"column":42},"end":{"line":32,"column":54}},{"start":{"line":32,"column":57},"end":{"line":36,"column":null}}]},"7":{"loc":{"start":{"line":37,"column":15},"end":{"line":37,"column":69}},"type":"cond-expr","locations":[{"start":{"line":37,"column":44},"end":{"line":37,"column":57}},{"start":{"line":37,"column":60},"end":{"line":37,"column":69}}]},"8":{"loc":{"start":{"line":38,"column":15},"end":{"line":42,"column":null}},"type":"cond-expr","locations":[{"start":{"line":38,"column":44},"end":{"line":38,"column":57}},{"start":{"line":38,"column":60},"end":{"line":42,"column":null}}]},"9":{"loc":{"start":{"line":43,"column":17},"end":{"line":43,"column":98}},"type":"cond-expr","locations":[{"start":{"line":43,"column":48},"end":{"line":43,"column":63}},{"start":{"line":43,"column":67},"end":{"line":43,"column":98}}]},"10":{"loc":{"start":{"line":44,"column":16},"end":{"line":44,"column":82}},"type":"cond-expr","locations":[{"start":{"line":44,"column":46},"end":{"line":44,"column":60}},{"start":{"line":44,"column":63},"end":{"line":44,"column":82}}]}},"s":{"0":1,"1":1,"2":14,"3":14,"4":14,"5":14,"6":14,"7":14,"8":14,"9":14,"10":14,"11":14,"12":14,"13":14,"14":1},"f":{"0":14},"b":{"0":[4,10],"1":[4,10],"2":[3,11],"3":[0,14],"4":[0,14],"5":[0,14],"6":[0,14],"7":[0,14],"8":[0,14],"9":[0,14],"10":[0,14]}}
,"/home/shahab/Programming/Web/shirinBlog/shirinblog_recipe/src/tests/factories/random-gen.ts": {"path":"/home/shahab/Programming/Web/shirinBlog/shirinblog_recipe/src/tests/factories/random-gen.ts","statementMap":{"0":{"start":{"line":1,"column":34},"end":{"line":23,"column":1}},"1":{"start":{"line":2,"column":12},"end":{"line":2,"column":14}},"2":{"start":{"line":3,"column":2},"end":{"line":8,"column":null}},"3":{"start":{"line":4,"column":4},"end":{"line":7,"column":null}},"4":{"start":{"line":4,"column":17},"end":{"line":4,"column":18}},"5":{"start":{"line":5,"column":17},"end":{"line":5,"column":40}},"6":{"start":{"line":6,"column":6},"end":{"line":6,"column":null}},"7":{"start":{"line":9,"column":2},"end":{"line":9,"column":null}},"8":{"start":{"line":10,"column":2},"end":{"line":15,"column":null}},"9":{"start":{"line":11,"column":4},"end":{"line":14,"column":null}},"10":{"start":{"line":11,"column":17},"end":{"line":11,"column":18}},"11":{"start":{"line":12,"column":17},"end":{"line":12,"column":40}},"12":{"start":{"line":13,"column":6},"end":{"line":13,"column":null}},"13":{"start":{"line":16,"column":2},"end":{"line":21,"column":null}},"14":{"start":{"line":17,"column":4},"end":{"line":20,"column":null}},"15":{"start":{"line":17,"column":17},"end":{"line":17,"column":18}},"16":{"start":{"line":18,"column":17},"end":{"line":18,"column":46}},"17":{"start":{"line":19,"column":6},"end":{"line":19,"column":null}},"18":{"start":{"line":22,"column":2},"end":{"line":22,"column":null}},"19":{"start":{"line":1,"column":13},"end":{"line":1,"column":34}},"20":{"start":{"line":25,"column":33},"end":{"line":32,"column":1}},"21":{"start":{"line":26,"column":12},"end":{"line":26,"column":14}},"22":{"start":{"line":27,"column":2},"end":{"line":30,"column":null}},"23":{"start":{"line":27,"column":14},"end":{"line":27,"column":15}},"24":{"start":{"line":28,"column":15},"end":{"line":28,"column":38}},"25":{"start":{"line":29,"column":4},"end":{"line":29,"column":null}},"26":{"start":{"line":31,"column":2},"end":{"line":31,"column":null}},"27":{"start":{"line":25,"column":13},"end":{"line":25,"column":33}}},"fnMap":{"0":{"name":"(anonymous_0)","decl":{"start":{"line":1,"column":34},"end":{"line":1,"column":35}},"loc":{"start":{"line":1,"column":108},"end":{"line":23,"column":1}}},"1":{"name":"(anonymous_1)","decl":{"start":{"line":25,"column":33},"end":{"line":25,"column":34}},"loc":{"start":{"line":25,"column":57},"end":{"line":32,"column":1}}}},"branchMap":{"0":{"loc":{"start":{"line":1,"column":35},"end":{"line":1,"column":56}},"type":"default-arg","locations":[{"start":{"line":1,"column":55},"end":{"line":1,"column":56}}]},"1":{"loc":{"start":{"line":1,"column":58},"end":{"line":1,"column":80}},"type":"default-arg","locations":[{"start":{"line":1,"column":79},"end":{"line":1,"column":80}}]},"2":{"loc":{"start":{"line":1,"column":82},"end":{"line":1,"column":104}},"type":"default-arg","locations":[{"start":{"line":1,"column":103},"end":{"line":1,"column":104}}]},"3":{"loc":{"start":{"line":3,"column":2},"end":{"line":8,"column":null}},"type":"if","locations":[{"start":{"line":3,"column":2},"end":{"line":8,"column":null}}]},"4":{"loc":{"start":{"line":10,"column":2},"end":{"line":15,"column":null}},"type":"if","locations":[{"start":{"line":10,"column":2},"end":{"line":15,"column":null}}]},"5":{"loc":{"start":{"line":16,"column":2},"end":{"line":21,"column":null}},"type":"if","locations":[{"start":{"line":16,"column":2},"end":{"line":21,"column":null}}]},"6":{"loc":{"start":{"line":25,"column":34},"end":{"line":25,"column":53}},"type":"default-arg","locations":[{"start":{"line":25,"column":51},"end":{"line":25,"column":53}}]}},"s":{"0":1,"1":162,"2":162,"3":162,"4":162,"5":988,"6":988,"7":162,"8":162,"9":162,"10":162,"11":844,"12":844,"13":162,"14":159,"15":159,"16":841,"17":841,"18":162,"19":1,"20":1,"21":14,"22":14,"23":14,"24":210,"25":210,"26":14,"27":1},"f":{"0":162,"1":14},"b":{"0":[157],"1":[157],"2":[157],"3":[162],"4":[162],"5":[159],"6":[14]}}
,"/home/shahab/Programming/Web/shirinBlog/shirinblog_recipe/src/validators/create.ts": {"path":"/home/shahab/Programming/Web/shirinBlog/shirinblog_recipe/src/validators/create.ts","statementMap":{"0":{"start":{"line":1,"column":0},"end":{"line":1,"column":40}},"1":{"start":{"line":2,"column":0},"end":{"line":2,"column":null}},"2":{"start":{"line":9,"column":13},"end":{"line":52,"column":null}},"3":{"start":{"line":15,"column":20},"end":{"line":15,"column":57}},"4":{"start":{"line":22,"column":20},"end":{"line":22,"column":57}},"5":{"start":{"line":30,"column":22},"end":{"line":30,"column":61}}},"fnMap":{"0":{"name":"(anonymous_0)","decl":{"start":{"line":15,"column":12},"end":{"line":15,"column":15}},"loc":{"start":{"line":15,"column":18},"end":{"line":15,"column":57}}},"1":{"name":"(anonymous_1)","decl":{"start":{"line":22,"column":12},"end":{"line":22,"column":15}},"loc":{"start":{"line":22,"column":18},"end":{"line":22,"column":57}}},"2":{"name":"(anonymous_2)","decl":{"start":{"line":30,"column":12},"end":{"line":30,"column":17}},"loc":{"start":{"line":30,"column":20},"end":{"line":30,"column":61}}}},"branchMap":{},"s":{"0":1,"1":1,"2":1,"3":15,"4":15,"5":15},"f":{"0":15,"1":15,"2":15},"b":{}}
,"/home/shahab/Programming/Web/shirinBlog/shirinblog_recipe/src/validators/custom-validators.ts": {"path":"/home/shahab/Programming/Web/shirinBlog/shirinblog_recipe/src/validators/custom-validators.ts","statementMap":{"0":{"start":{"line":1,"column":0},"end":{"line":1,"column":45}},"1":{"start":{"line":3,"column":34},"end":{"line":9,"column":1}},"2":{"start":{"line":4,"column":15},"end":{"line":4,"column":32}},"3":{"start":{"line":5,"column":2},"end":{"line":7,"column":null}},"4":{"start":{"line":6,"column":4},"end":{"line":6,"column":16}},"5":{"start":{"line":8,"column":2},"end":{"line":8,"column":68}},"6":{"start":{"line":3,"column":13},"end":{"line":3,"column":34}},"7":{"start":{"line":11,"column":38},"end":{"line":21,"column":1}},"8":{"start":{"line":12,"column":2},"end":{"line":14,"column":null}},"9":{"start":{"line":13,"column":4},"end":{"line":13,"column":61}},"10":{"start":{"line":15,"column":2},"end":{"line":19,"column":null}},"11":{"start":{"line":16,"column":4},"end":{"line":18,"column":null}},"12":{"start":{"line":17,"column":6},"end":{"line":17,"column":73}},"13":{"start":{"line":20,"column":2},"end":{"line":20,"column":14}},"14":{"start":{"line":11,"column":13},"end":{"line":11,"column":38}},"15":{"start":{"line":23,"column":27},"end":{"line":28,"column":1}},"16":{"start":{"line":24,"column":2},"end":{"line":26,"column":null}},"17":{"start":{"line":25,"column":4},"end":{"line":25,"column":71}},"18":{"start":{"line":27,"column":2},"end":{"line":27,"column":null}},"19":{"start":{"line":23,"column":13},"end":{"line":23,"column":27}},"20":{"start":{"line":30,"column":30},"end":{"line":43,"column":1}},"21":{"start":{"line":31,"column":20},"end":{"line":31,"column":37}},"22":{"start":{"line":32,"column":2},"end":{"line":36,"column":null}},"23":{"start":{"line":33,"column":4},"end":{"line":35,"column":null}},"24":{"start":{"line":34,"column":6},"end":{"line":34,"column":null}},"25":{"start":{"line":37,"column":2},"end":{"line":41,"column":null}},"26":{"start":{"line":38,"column":4},"end":{"line":40,"column":null}},"27":{"start":{"line":39,"column":6},"end":{"line":39,"column":null}},"28":{"start":{"line":42,"column":2},"end":{"line":42,"column":null}},"29":{"start":{"line":30,"column":13},"end":{"line":30,"column":30}}},"fnMap":{"0":{"name":"(anonymous_0)","decl":{"start":{"line":3,"column":34},"end":{"line":3,"column":35}},"loc":{"start":{"line":3,"column":50},"end":{"line":9,"column":1}}},"1":{"name":"(anonymous_1)","decl":{"start":{"line":11,"column":38},"end":{"line":11,"column":39}},"loc":{"start":{"line":11,"column":61},"end":{"line":21,"column":1}}},"2":{"name":"(anonymous_2)","decl":{"start":{"line":23,"column":27},"end":{"line":23,"column":28}},"loc":{"start":{"line":23,"column":43},"end":{"line":28,"column":1}}},"3":{"name":"(anonymous_3)","decl":{"start":{"line":30,"column":30},"end":{"line":30,"column":31}},"loc":{"start":{"line":30,"column":83},"end":{"line":43,"column":1}}}},"branchMap":{"0":{"loc":{"start":{"line":5,"column":2},"end":{"line":7,"column":null}},"type":"if","locations":[{"start":{"line":5,"column":2},"end":{"line":7,"column":null}}]},"1":{"loc":{"start":{"line":5,"column":6},"end":{"line":5,"column":61}},"type":"binary-expr","locations":[{"start":{"line":5,"column":6},"end":{"line":5,"column":21}},{"start":{"line":5,"column":25},"end":{"line":5,"column":42}},{"start":{"line":5,"column":46},"end":{"line":5,"column":61}}]},"2":{"loc":{"start":{"line":12,"column":2},"end":{"line":14,"column":null}},"type":"if","locations":[{"start":{"line":12,"column":2},"end":{"line":14,"column":null}}]},"3":{"loc":{"start":{"line":16,"column":4},"end":{"line":18,"column":null}},"type":"if","locations":[{"start":{"line":16,"column":4},"end":{"line":18,"column":null}}]},"4":{"loc":{"start":{"line":24,"column":2},"end":{"line":26,"column":null}},"type":"if","locations":[{"start":{"line":24,"column":2},"end":{"line":26,"column":null}}]},"5":{"loc":{"start":{"line":32,"column":2},"end":{"line":36,"column":null}},"type":"if","locations":[{"start":{"line":32,"column":2},"end":{"line":36,"column":null}}]},"6":{"loc":{"start":{"line":33,"column":4},"end":{"line":35,"column":null}},"type":"if","locations":[{"start":{"line":33,"column":4},"end":{"line":35,"column":null}}]},"7":{"loc":{"start":{"line":37,"column":2},"end":{"line":41,"column":null}},"type":"if","locations":[{"start":{"line":37,"column":2},"end":{"line":41,"column":null}}]},"8":{"loc":{"start":{"line":38,"column":4},"end":{"line":40,"column":null}},"type":"if","locations":[{"start":{"line":38,"column":4},"end":{"line":40,"column":null}}]}},"s":{"0":1,"1":1,"2":15,"3":14,"4":14,"5":0,"6":1,"7":1,"8":30,"9":0,"10":28,"11":84,"12":0,"13":28,"14":1,"15":1,"16":30,"17":2,"18":28,"19":1,"20":1,"21":45,"22":43,"23":43,"24":10,"25":33,"26":0,"27":0,"28":33,"29":1},"f":{"0":15,"1":30,"2":30,"3":45},"b":{"0":[14],"1":[14,0,0],"2":[0],"3":[0],"4":[2],"5":[43],"6":[10],"7":[0],"8":[0]}}
,"/home/shahab/Programming/Web/shirinBlog/shirinblog_recipe/src/validators/utils/utils.ts": {"path":"/home/shahab/Programming/Web/shirinBlog/shirinblog_recipe/src/validators/utils/utils.ts","statementMap":{"0":{"start":{"line":1,"column":28},"end":{"line":4,"column":1}},"1":{"start":{"line":2,"column":2},"end":{"line":2,"column":null}},"2":{"start":{"line":3,"column":2},"end":{"line":3,"column":13}},"3":{"start":{"line":1,"column":13},"end":{"line":1,"column":28}}},"fnMap":{"0":{"name":"(anonymous_0)","decl":{"start":{"line":1,"column":28},"end":{"line":1,"column":29}},"loc":{"start":{"line":1,"column":44},"end":{"line":4,"column":1}}}},"branchMap":{},"s":{"0":1,"1":45,"2":43,"3":1},"f":{"0":45},"b":{}}
}
