TN:
SF:src/app.ts
FN:21,(anonymous_1)
FNF:1
FNH:0
FNDA:0,(anonymous_1)
DA:1,1
DA:2,1
DA:3,1
DA:4,1
DA:5,1
DA:7,1
DA:9,1
DA:10,1
DA:11,0
DA:14,1
DA:15,1
DA:16,1
DA:19,1
DA:21,1
DA:22,0
DA:25,1
DA:26,1
LF:17
LH:15
BRDA:10,0,0,0
BRF:1
BRH:0
end_of_record
TN:
SF:src/routes/create.ts
FN:14,(anonymous_8)
FN:14,(anonymous_9)
FNF:2
FNH:2
FNDA:20,(anonymous_8)
FNDA:20,(anonymous_9)
DA:1,1
DA:2,1
DA:7,1
DA:8,1
DA:10,1
DA:11,1
DA:14,20
DA:15,20
DA:16,20
DA:17,14
DA:18,14
DA:20,6
DA:24,1
LF:13
LH:13
BRDA:16,0,0,14
BRF:1
BRH:1
end_of_record
TN:
SF:src/tests/factories/createInput.ts
FN:17,(anonymous_0)
FNF:1
FNH:1
FNDA:17,(anonymous_0)
DA:1,1
DA:17,1
DA:18,17
DA:19,17
DA:20,17
DA:21,17
DA:22,17
DA:27,17
DA:32,17
DA:37,17
DA:38,17
DA:43,17
DA:44,17
DA:46,17
LF:14
LH:14
BRDA:18,0,0,4
BRDA:18,0,1,13
BRDA:19,1,0,4
BRDA:19,1,1,13
BRDA:20,2,0,3
BRDA:20,2,1,14
BRDA:21,3,0,3
BRDA:21,3,1,14
BRDA:22,4,0,0
BRDA:22,4,1,17
BRDA:27,5,0,0
BRDA:27,5,1,17
BRDA:32,6,0,0
BRDA:32,6,1,17
BRDA:37,7,0,0
BRDA:37,7,1,17
BRDA:38,8,0,0
BRDA:38,8,1,17
BRDA:43,9,0,0
BRDA:43,9,1,17
BRDA:44,10,0,0
BRDA:44,10,1,17
BRF:22
BRH:15
end_of_record
TN:
SF:src/tests/factories/random-gen.ts
FN:1,(anonymous_0)
FN:25,(anonymous_1)
FNF:2
FNH:2
FNDA:198,(anonymous_0)
FNDA:17,(anonymous_1)
DA:1,1
DA:2,198
DA:3,198
DA:4,198
DA:5,1168
DA:6,1168
DA:9,198
DA:10,198
DA:11,198
DA:12,1024
DA:13,1024
DA:16,198
DA:17,195
DA:18,1021
DA:19,1021
DA:22,198
DA:25,1
DA:26,17
DA:27,17
DA:28,255
DA:29,255
DA:31,17
LF:22
LH:22
BRDA:1,0,0,193
BRDA:1,1,0,193
BRDA:1,2,0,193
BRDA:3,3,0,198
BRDA:10,4,0,198
BRDA:16,5,0,195
BRDA:25,6,0,17
BRF:7
BRH:7
end_of_record
TN:
SF:src/validators/create.ts
FN:16,(anonymous_0)
FN:24,(anonymous_1)
FN:32,(anonymous_2)
FNF:3
FNH:3
FNDA:20,(anonymous_0)
FNDA:20,(anonymous_1)
FNDA:20,(anonymous_2)
DA:1,1
DA:2,1
DA:9,1
DA:16,20
DA:24,20
DA:32,20
LF:6
LH:6
BRF:0
BRH:0
end_of_record
TN:
SF:src/validators/custom-validators.ts
FN:3,(anonymous_0)
FN:11,(anonymous_1)
FN:23,(anonymous_2)
FN:30,(anonymous_3)
FNF:4
FNH:4
FNDA:20,(anonymous_0)
FNDA:40,(anonymous_1)
FNDA:40,(anonymous_2)
FNDA:60,(anonymous_3)
DA:1,1
DA:3,1
DA:4,20
DA:5,19
DA:6,17
DA:8,2
DA:11,1
DA:12,40
DA:13,0
DA:15,38
DA:16,114
DA:17,0
DA:20,38
DA:23,1
DA:24,40
DA:25,4
DA:27,36
DA:30,1
DA:31,60
DA:32,60
DA:33,60
DA:34,12
DA:37,48
DA:38,0
DA:39,0
DA:42,48
LF:26
LH:22
BRDA:5,0,0,17
BRDA:5,1,0,19
BRDA:5,1,1,4
BRDA:5,1,2,3
BRDA:12,2,0,0
BRDA:16,3,0,0
BRDA:24,4,0,4
BRDA:32,5,0,60
BRDA:33,6,0,12
BRDA:37,7,0,0
BRDA:38,8,0,0
BRF:11
BRH:7
end_of_record
TN:
SF:src/validators/utils/utils.ts
FN:1,(anonymous_0)
FNF:1
FNH:1
FNDA:60,(anonymous_0)
DA:1,1
DA:2,60
DA:3,60
LF:3
LH:3
BRF:0
BRH:0
end_of_record
