TN:
SF:src/app.ts
FN:21,(anonymous_1)
FNF:1
FNH:0
FNDA:0,(anonymous_1)
DA:1,1
DA:2,1
DA:3,1
DA:4,1
DA:5,1
DA:7,1
DA:9,1
DA:10,1
DA:11,0
DA:14,1
DA:15,1
DA:16,1
DA:19,1
DA:21,1
DA:22,0
DA:25,1
DA:26,1
LF:17
LH:15
BRDA:10,0,0,0
BRF:1
BRH:0
end_of_record
TN:
SF:src/routes/create.ts
FN:14,(anonymous_8)
FN:14,(anonymous_9)
FNF:2
FNH:2
FNDA:15,(anonymous_8)
FNDA:15,(anonymous_9)
DA:1,1
DA:2,1
DA:7,1
DA:8,1
DA:10,1
DA:11,1
DA:14,15
DA:15,15
DA:16,15
DA:17,12
DA:18,12
DA:20,3
DA:24,1
LF:13
LH:13
BRDA:16,0,0,12
BRF:1
BRH:1
end_of_record
TN:
SF:src/tests/factories/createInput.ts
FN:17,(anonymous_0)
FNF:1
FNH:1
FNDA:14,(anonymous_0)
DA:1,1
DA:17,1
DA:18,14
DA:19,14
DA:20,14
DA:21,14
DA:22,14
DA:27,14
DA:32,14
DA:37,14
DA:38,14
DA:43,14
DA:44,14
DA:46,14
LF:14
LH:14
BRDA:18,0,0,4
BRDA:18,0,1,10
BRDA:19,1,0,4
BRDA:19,1,1,10
BRDA:20,2,0,3
BRDA:20,2,1,11
BRDA:21,3,0,0
BRDA:21,3,1,14
BRDA:22,4,0,0
BRDA:22,4,1,14
BRDA:27,5,0,0
BRDA:27,5,1,14
BRDA:32,6,0,0
BRDA:32,6,1,14
BRDA:37,7,0,0
BRDA:37,7,1,14
BRDA:38,8,0,0
BRDA:38,8,1,14
BRDA:43,9,0,0
BRDA:43,9,1,14
BRDA:44,10,0,0
BRDA:44,10,1,14
BRF:22
BRH:14
end_of_record
TN:
SF:src/tests/factories/random-gen.ts
FN:1,(anonymous_0)
FN:25,(anonymous_1)
FNF:2
FNH:2
FNDA:162,(anonymous_0)
FNDA:14,(anonymous_1)
DA:1,1
DA:2,162
DA:3,162
DA:4,162
DA:5,988
DA:6,988
DA:9,162
DA:10,162
DA:11,162
DA:12,844
DA:13,844
DA:16,162
DA:17,159
DA:18,841
DA:19,841
DA:22,162
DA:25,1
DA:26,14
DA:27,14
DA:28,210
DA:29,210
DA:31,14
LF:22
LH:22
BRDA:1,0,0,157
BRDA:1,1,0,157
BRDA:1,2,0,157
BRDA:3,3,0,162
BRDA:10,4,0,162
BRDA:16,5,0,159
BRDA:25,6,0,14
BRF:7
BRH:7
end_of_record
TN:
SF:src/validators/create.ts
FN:15,(anonymous_0)
FN:22,(anonymous_1)
FN:30,(anonymous_2)
FNF:3
FNH:3
FNDA:15,(anonymous_0)
FNDA:15,(anonymous_1)
FNDA:15,(anonymous_2)
DA:1,1
DA:2,1
DA:9,1
DA:15,15
DA:22,15
DA:30,15
LF:6
LH:6
BRF:0
BRH:0
end_of_record
TN:
SF:src/validators/custom-validators.ts
FN:3,(anonymous_0)
FN:11,(anonymous_1)
FN:23,(anonymous_2)
FN:30,(anonymous_3)
FNF:4
FNH:4
FNDA:15,(anonymous_0)
FNDA:30,(anonymous_1)
FNDA:30,(anonymous_2)
FNDA:45,(anonymous_3)
DA:1,1
DA:3,1
DA:4,15
DA:5,14
DA:6,14
DA:8,0
DA:11,1
DA:12,30
DA:13,0
DA:15,28
DA:16,84
DA:17,0
DA:20,28
DA:23,1
DA:24,30
DA:25,2
DA:27,28
DA:30,1
DA:31,45
DA:32,43
DA:33,43
DA:34,10
DA:37,33
DA:38,0
DA:39,0
DA:42,33
LF:26
LH:21
BRDA:5,0,0,14
BRDA:5,1,0,14
BRDA:5,1,1,0
BRDA:5,1,2,0
BRDA:12,2,0,0
BRDA:16,3,0,0
BRDA:24,4,0,2
BRDA:32,5,0,43
BRDA:33,6,0,10
BRDA:37,7,0,0
BRDA:38,8,0,0
BRF:11
BRH:5
end_of_record
TN:
SF:src/validators/utils/utils.ts
FN:1,(anonymous_0)
FNF:1
FNH:1
FNDA:45,(anonymous_0)
DA:1,1
DA:2,45
DA:3,43
LF:3
LH:3
BRF:0
BRH:0
end_of_record
